<?xml version="1.0" encoding="UTF-8"?>
<testng-results skipped="0" failed="0" ignored="0" total="1" passed="1">
  <reporter-output>
  </reporter-output>
  <suite name="Default suite" duration-ms="34" started-at="2021-02-15T23:47:10 EST" finished-at="2021-02-15T23:47:10 EST">
    <groups>
    </groups>
    <test name="Default test" duration-ms="34" started-at="2021-02-15T23:47:10 EST" finished-at="2021-02-15T23:47:10 EST">
      <class name="com.shift.base.TestBase">
        <test-method status="PASS" signature="setUp()[pri:0, instance:com.shift.base.TestBase@2bbf4b8b]" name="setUp" is-config="true" duration-ms="7740" started-at="2021-02-15T23:47:02 EST" finished-at="2021-02-15T23:47:10 EST">
          <reporter-output>
          </reporter-output>
        </test-method> <!-- setUp -->
        <test-method status="PASS" signature="getPageTitle()[pri:0, instance:com.shift.base.TestBase@2bbf4b8b]" name="getPageTitle" duration-ms="10" started-at="2021-02-15T23:47:10 EST" finished-at="2021-02-15T23:47:10 EST">
          <reporter-output>
          </reporter-output>
        </test-method> <!-- getPageTitle -->
        <test-method status="PASS" signature="tearDown()[pri:0, instance:com.shift.base.TestBase@2bbf4b8b]" name="tearDown" is-config="true" duration-ms="0" started-at="2021-02-15T23:47:10 EST" finished-at="2021-02-15T23:47:10 EST">
          <reporter-output>
          </reporter-output>
        </test-method> <!-- tearDown -->
      </class> <!-- com.shift.base.TestBase -->
    </test> <!-- Default test -->
  </suite> <!-- Default suite -->
</testng-results>
